<?xml version="1.0" encoding="utf-8"?><testsuites name="pytest tests"><testsuite name="pytest" errors="0" failures="0" skipped="0" tests="41" time="14.628" timestamp="2026-01-26T21:49:43.237391+00:00" hostname="agent-env-c4745136-114b-4ba6-a2dc-23c0e5211a4c"><testcase classname="backend.tests.test_beeit_api.TestHealthAndSeed" name="test_health_check" time="0.068" /><testcase classname="backend.tests.test_beeit_api.TestHealthAndSeed" name="test_seed_data" time="0.047" /><testcase classname="backend.tests.test_beeit_api.TestAuthentication" name="test_admin_login" time="0.261" /><testcase classname="backend.tests.test_beeit_api.TestAuthentication" name="test_gestor_login" time="0.270" /><testcase classname="backend.tests.test_beeit_api.TestAuthentication" name="test_colaborador_login" time="0.264" /><testcase classname="backend.tests.test_beeit_api.TestAuthentication" name="test_invalid_login" time="0.039" /><testcase classname="backend.tests.test_beeit_api.TestAuthentication" name="test_get_me" time="0.299" /><testcase classname="backend.tests.test_beeit_api.TestUsers" name="test_list_users" time="0.307" /><testcase classname="backend.tests.test_beeit_api.TestUsers" name="test_create_user" time="0.538" /><testcase classname="backend.tests.test_beeit_api.TestUsers" name="test_get_user" time="0.335" /><testcase classname="backend.tests.test_beeit_api.TestUsers" name="test_update_user" time="0.653" /><testcase classname="backend.tests.test_beeit_api.TestUsers" name="test_delete_user" time="0.606" /><testcase classname="backend.tests.test_beeit_api.TestUsers" name="test_non_admin_cannot_create_user" time="0.303" /><testcase classname="backend.tests.test_beeit_api.TestTeams" name="test_list_teams" time="0.298" /><testcase classname="backend.tests.test_beeit_api.TestTeams" name="test_create_team" time="0.300" /><testcase classname="backend.tests.test_beeit_api.TestTeams" name="test_get_team" time="0.380" /><testcase classname="backend.tests.test_beeit_api.TestTeams" name="test_update_team" time="0.442" /><testcase classname="backend.tests.test_beeit_api.TestTeams" name="test_delete_team" time="0.342" /><testcase classname="backend.tests.test_beeit_api.TestFeedbacks" name="test_list_feedbacks" time="0.317" /><testcase classname="backend.tests.test_beeit_api.TestFeedbacks" name="test_create_feedback" time="0.349" /><testcase classname="backend.tests.test_beeit_api.TestFeedbacks" name="test_get_feedback" time="0.424" /><testcase classname="backend.tests.test_beeit_api.TestFeedbacks" name="test_update_feedback" time="0.384" /><testcase classname="backend.tests.test_beeit_api.TestFeedbacks" name="test_acknowledge_feedback" time="0.645" /><testcase classname="backend.tests.test_beeit_api.TestFeedbacks" name="test_delete_feedback" time="0.642" /><testcase classname="backend.tests.test_beeit_api.TestFeedbacks" name="test_feedback_filters" time="0.351" /><testcase classname="backend.tests.test_beeit_api.TestActionPlans" name="test_list_action_plans" time="0.304" /><testcase classname="backend.tests.test_beeit_api.TestActionPlans" name="test_create_action_plan" time="0.354" /><testcase classname="backend.tests.test_beeit_api.TestActionPlans" name="test_get_action_plan" time="0.398" /><testcase classname="backend.tests.test_beeit_api.TestActionPlans" name="test_update_action_plan" time="0.415" /><testcase classname="backend.tests.test_beeit_api.TestActionPlans" name="test_delete_action_plan" time="0.397" /><testcase classname="backend.tests.test_beeit_api.TestActionPlanItems" name="test_create_action_plan_item" time="0.349" /><testcase classname="backend.tests.test_beeit_api.TestActionPlanItems" name="test_list_action_plan_items" time="0.343" /><testcase classname="backend.tests.test_beeit_api.TestActionPlanItems" name="test_update_action_plan_item" time="0.405" /><testcase classname="backend.tests.test_beeit_api.TestCheckins" name="test_create_checkin" time="0.343" /><testcase classname="backend.tests.test_beeit_api.TestCheckins" name="test_list_checkins" time="0.342" /><testcase classname="backend.tests.test_beeit_api.TestDashboards" name="test_admin_dashboard" time="0.320" /><testcase classname="backend.tests.test_beeit_api.TestDashboards" name="test_gestor_dashboard" time="0.308" /><testcase classname="backend.tests.test_beeit_api.TestDashboards" name="test_colaborador_dashboard" time="0.305" /><testcase classname="backend.tests.test_beeit_api.TestNotifications" name="test_list_notifications" time="0.297" /><testcase classname="backend.tests.test_beeit_api.TestNotifications" name="test_mark_all_read" time="0.322" /><testcase classname="backend.tests.test_beeit_api.TestCollaboratorProfile" name="test_get_collaborator_profile" time="0.348" /></testsuite></testsuites>